<?xml version="1.0" encoding="UTF-8"?>
<testsuite xmlns:xsi="http://www.w3.org/2001/XMLSchema-instance" xsi:noNamespaceSchemaLocation="https://maven.apache.org/surefire/maven-surefire-plugin/xsd/surefire-test-report-3.0.xsd" version="3.0" name="org.example.fieldsmanagement.FieldsManagementApplicationTests" time="111.503" tests="1" errors="0" skipped="0" failures="0">
  <properties>
[...]
</properties>
  <testcase name="contextLoads" classname="org.example.fieldsmanagement.FieldsManagementApplicationTests" time="1.129">
    <system-out><![CDATA[02:18:04.432 [main] INFO org.springframework.test.context.support.AnnotationConfigContextLoaderUtils -- Could not detect default configuration classes for test class [org.example.fieldsmanagement.FieldsManagementApplicationTests]: FieldsManagementApplicationTests does not declare any static, non-private, non-final, nested classes annotated with @Configuration.
02:18:04.623 [main] INFO org.springframework.boot.test.context.SpringBootTestContextBootstrapper -- Found @SpringBootConfiguration org.example.fieldsmanagement.FieldsManagementApplication for test class org.example.fieldsmanagement.FieldsManagementApplicationTests

  .   ____          _            __ _ _
 /\\ / ___'_ __ _ _(_)_ __  __ _ \ \ \ \
( ( )\___ | '_ | '_| | '_ \/ _` | \ \ \ \
 \\/  ___)| |_)| | | | | || (_| |  ) ) ) )
  '  |____| .__|_| |_|_| |_\__, | / / / /
 =========|_|==============|___/=/_/_/_/

 :: Spring Boot ::                (v3.3.4)

2024-10-05T02:18:05.290-05:00  INFO 10800 --- [fields-management] [           main] o.e.f.FieldsManagementApplicationTests   : Starting FieldsManagementApplicationTests using Java 17.0.10 with PID 10800 (started by mateo in D:\CloudComputing\reserva-canchas\fields-microservice)
2024-10-05T02:18:05.292-05:00  INFO 10800 --- [fields-management] [           main] o.e.f.FieldsManagementApplicationTests   : No active profile set, falling back to 1 default profile: "default"
2024-10-05T02:18:06.341-05:00  INFO 10800 --- [fields-management] [           main] .s.d.r.c.RepositoryConfigurationDelegate : Bootstrapping Spring Data JPA repositories in DEFAULT mode.
2024-10-05T02:18:06.432-05:00  INFO 10800 --- [fields-management] [           main] .s.d.r.c.RepositoryConfigurationDelegate : Finished Spring Data repository scanning in 79 ms. Found 3 JPA repository interfaces.
2024-10-05T02:18:06.905-05:00  INFO 10800 --- [fields-management] [           main] org.testcontainers.images.PullPolicy     : Image pull policy will be performed by: DefaultPullPolicy()
2024-10-05T02:18:06.909-05:00  INFO 10800 --- [fields-management] [           main] o.t.utility.ImageNameSubstitutor         : Image name substitution will be performed by: DefaultImageNameSubstitutor (composite of 'ConfigurationFileImageNameSubstitutor' and 'PrefixingImageNameSubstitutor')
2024-10-05T02:18:07.217-05:00  INFO 10800 --- [fields-management] [           main] o.t.d.DockerClientProviderStrategy       : Loaded org.testcontainers.dockerclient.NpipeSocketClientProviderStrategy from ~/.testcontainers.properties, will try it first
2024-10-05T02:18:07.660-05:00  INFO 10800 --- [fields-management] [           main] o.t.d.DockerClientProviderStrategy       : Found Docker environment with local Npipe socket (npipe:////./pipe/docker_engine)
2024-10-05T02:18:07.663-05:00  INFO 10800 --- [fields-management] [           main] org.testcontainers.DockerClientFactory   : Docker host IP address is localhost
2024-10-05T02:18:07.683-05:00  INFO 10800 --- [fields-management] [           main] org.testcontainers.DockerClientFactory   : Connected to docker: 
  Server Version: 26.0.0
  API Version: 1.45
  Operating System: Docker Desktop
  Total Memory: 3809 MB
2024-10-05T02:18:07.880-05:00  INFO 10800 --- [fields-management] [           main] tc.testcontainers/ryuk:0.7.0             : Pulling docker image: testcontainers/ryuk:0.7.0. Please be patient; this may take some time but only needs to be done once.
2024-10-05T02:18:08.250-05:00  INFO 10800 --- [fields-management] [           main] o.t.utility.RegistryAuthLocator          : Credential helper/store (docker-credential-desktop) does not have credentials for https://index.docker.io/v1/
2024-10-05T02:18:16.206-05:00  INFO 10800 --- [fields-management] [tream-516338723] tc.testcontainers/ryuk:0.7.0             : Starting to pull image
2024-10-05T02:18:16.248-05:00  INFO 10800 --- [fields-management] [tream-516338723] tc.testcontainers/ryuk:0.7.0             : Pulling image layers:  0 pending,  0 downloaded,  0 extracted, (0 bytes/0 bytes)
2024-10-05T02:18:22.943-05:00  INFO 10800 --- [fields-management] [tream-516338723] tc.testcontainers/ryuk:0.7.0             : Pulling image layers:  2 pending,  1 downloaded,  0 extracted, (688 KB/? MB)
2024-10-05T02:18:23.635-05:00  INFO 10800 --- [fields-management] [tream-516338723] tc.testcontainers/ryuk:0.7.0             : Pulling image layers:  1 pending,  2 downloaded,  0 extracted, (5 MB/? MB)
2024-10-05T02:18:23.643-05:00  INFO 10800 --- [fields-management] [tream-516338723] tc.testcontainers/ryuk:0.7.0             : Pulling image layers:  0 pending,  3 downloaded,  0 extracted, (5 MB/6 MB)
2024-10-05T02:18:25.590-05:00  INFO 10800 --- [fields-management] [tream-516338723] tc.testcontainers/ryuk:0.7.0             : Pulling image layers:  0 pending,  3 downloaded,  1 extracted, (5 MB/6 MB)
2024-10-05T02:18:26.141-05:00  INFO 10800 --- [fields-management] [tream-516338723] tc.testcontainers/ryuk:0.7.0             : Pulling image layers:  0 pending,  3 downloaded,  2 extracted, (5 MB/6 MB)
2024-10-05T02:18:26.635-05:00  INFO 10800 --- [fields-management] [tream-516338723] tc.testcontainers/ryuk:0.7.0             : Pulling image layers:  0 pending,  3 downloaded,  3 extracted, (6 MB/6 MB)
2024-10-05T02:18:26.883-05:00  INFO 10800 --- [fields-management] [tream-516338723] tc.testcontainers/ryuk:0.7.0             : Pull complete. 3 layers, pulled in 10s (downloaded 6 MB at 659 KB/s)
2024-10-05T02:18:26.884-05:00  INFO 10800 --- [fields-management] [           main] tc.testcontainers/ryuk:0.7.0             : Image testcontainers/ryuk:0.7.0 pull took PT19.0032974S
2024-10-05T02:18:26.922-05:00  INFO 10800 --- [fields-management] [           main] tc.testcontainers/ryuk:0.7.0             : Creating container for image: testcontainers/ryuk:0.7.0
2024-10-05T02:18:28.235-05:00  INFO 10800 --- [fields-management] [           main] tc.testcontainers/ryuk:0.7.0             : Container testcontainers/ryuk:0.7.0 is starting: 9c706cef0aabf0209abdbf8b55c961075c3705691479fe97975991b53e3a8da2
2024-10-05T02:18:30.980-05:00  INFO 10800 --- [fields-management] [           main] tc.testcontainers/ryuk:0.7.0             : Container testcontainers/ryuk:0.7.0 started in PT4.0587938S
2024-10-05T02:18:31.003-05:00  INFO 10800 --- [fields-management] [           main] o.t.utility.RyukResourceReaper           : Ryuk started - will monitor and terminate Testcontainers containers on JVM exit
2024-10-05T02:18:31.004-05:00  INFO 10800 --- [fields-management] [           main] org.testcontainers.DockerClientFactory   : Checking the system...
2024-10-05T02:18:31.004-05:00  INFO 10800 --- [fields-management] [           main] org.testcontainers.DockerClientFactory   : ?? Docker server version should be at least 1.6.0
2024-10-05T02:18:31.011-05:00  INFO 10800 --- [fields-management] [           main] tc.postgres:latest                       : Pulling docker image: postgres:latest. Please be patient; this may take some time but only needs to be done once.
2024-10-05T02:18:34.740-05:00  INFO 10800 --- [fields-management] [ream-1452435350] tc.postgres:latest                       : Starting to pull image
2024-10-05T02:18:34.741-05:00  INFO 10800 --- [fields-management] [ream-1452435350] tc.postgres:latest                       : Pulling image layers:  0 pending,  0 downloaded,  0 extracted, (0 bytes/0 bytes)
2024-10-05T02:18:35.561-05:00  INFO 10800 --- [fields-management] [ream-1452435350] tc.postgres:latest                       : Pulling image layers: 13 pending,  1 downloaded,  0 extracted, (46 KB/? MB)
2024-10-05T02:18:35.720-05:00  INFO 10800 --- [fields-management] [ream-1452435350] tc.postgres:latest                       : Pulling image layers: 13 pending,  1 downloaded,  1 extracted, (1 MB/? MB)
2024-10-05T02:18:35.833-05:00  INFO 10800 --- [fields-management] [ream-1452435350] tc.postgres:latest                       : Pulling image layers: 12 pending,  2 downloaded,  1 extracted, (2 MB/? MB)
2024-10-05T02:18:35.975-05:00  INFO 10800 --- [fields-management] [ream-1452435350] tc.postgres:latest                       : Pulling image layers: 11 pending,  3 downloaded,  1 extracted, (4 MB/? MB)
2024-10-05T02:18:36.376-05:00  INFO 10800 --- [fields-management] [ream-1452435350] tc.postgres:latest                       : Pulling image layers: 10 pending,  4 downloaded,  1 extracted, (6 MB/? MB)
2024-10-05T02:18:36.609-05:00  INFO 10800 --- [fields-management] [ream-1452435350] tc.postgres:latest                       : Pulling image layers:  9 pending,  5 downloaded,  1 extracted, (9 MB/? MB)
2024-10-05T02:18:36.753-05:00  INFO 10800 --- [fields-management] [ream-1452435350] tc.postgres:latest                       : Pulling image layers:  8 pending,  6 downloaded,  1 extracted, (12 MB/? MB)
2024-10-05T02:18:36.890-05:00  INFO 10800 --- [fields-management] [ream-1452435350] tc.postgres:latest                       : Pulling image layers:  7 pending,  7 downloaded,  1 extracted, (12 MB/? MB)
2024-10-05T02:18:37.560-05:00  INFO 10800 --- [fields-management] [ream-1452435350] tc.postgres:latest                       : Pulling image layers:  6 pending,  8 downloaded,  1 extracted, (12 MB/? MB)
2024-10-05T02:18:37.638-05:00  INFO 10800 --- [fields-management] [ream-1452435350] tc.postgres:latest                       : Pulling image layers:  5 pending,  9 downloaded,  1 extracted, (12 MB/? MB)
2024-10-05T02:18:37.984-05:00  INFO 10800 --- [fields-management] [ream-1452435350] tc.postgres:latest                       : Pulling image layers:  4 pending, 10 downloaded,  1 extracted, (12 MB/? MB)
2024-10-05T02:18:38.238-05:00  INFO 10800 --- [fields-management] [ream-1452435350] tc.postgres:latest                       : Pulling image layers:  3 pending, 11 downloaded,  1 extracted, (12 MB/? MB)
2024-10-05T02:18:38.476-05:00  INFO 10800 --- [fields-management] [ream-1452435350] tc.postgres:latest                       : Pulling image layers:  3 pending, 11 downloaded,  2 extracted, (12 MB/? MB)
2024-10-05T02:18:38.574-05:00  INFO 10800 --- [fields-management] [ream-1452435350] tc.postgres:latest                       : Pulling image layers:  2 pending, 12 downloaded,  2 extracted, (12 MB/? MB)
2024-10-05T02:18:38.720-05:00  INFO 10800 --- [fields-management] [ream-1452435350] tc.postgres:latest                       : Pulling image layers:  2 pending, 12 downloaded,  3 extracted, (13 MB/? MB)
2024-10-05T02:18:39.601-05:00  INFO 10800 --- [fields-management] [ream-1452435350] tc.postgres:latest                       : Pulling image layers:  2 pending, 12 downloaded,  4 extracted, (13 MB/? MB)
2024-10-05T02:18:39.760-05:00  INFO 10800 --- [fields-management] [ream-1452435350] tc.postgres:latest                       : Pulling image layers:  2 pending, 12 downloaded,  5 extracted, (14 MB/? MB)
2024-10-05T02:18:39.789-05:00  INFO 10800 --- [fields-management] [ream-1452435350] tc.postgres:latest                       : Pulling image layers:  2 pending, 12 downloaded,  6 extracted, (14 MB/? MB)
2024-10-05T02:18:39.817-05:00  INFO 10800 --- [fields-management] [ream-1452435350] tc.postgres:latest                       : Pulling image layers:  2 pending, 12 downloaded,  7 extracted, (14 MB/? MB)
2024-10-05T02:19:10.539-05:00  INFO 10800 --- [fields-management] [ream-1452435350] tc.postgres:latest                       : Pulling image layers:  1 pending, 13 downloaded,  7 extracted, (117 MB/? MB)
2024-10-05T02:19:26.246-05:00  INFO 10800 --- [fields-management] [ream-1452435350] tc.postgres:latest                       : Pulling image layers:  1 pending, 13 downloaded,  8 extracted, (119 MB/? MB)
2024-10-05T02:19:26.290-05:00  INFO 10800 --- [fields-management] [ream-1452435350] tc.postgres:latest                       : Pulling image layers:  1 pending, 13 downloaded,  9 extracted, (119 MB/? MB)
2024-10-05T02:19:26.320-05:00  INFO 10800 --- [fields-management] [ream-1452435350] tc.postgres:latest                       : Pulling image layers:  1 pending, 13 downloaded, 10 extracted, (119 MB/? MB)
2024-10-05T02:19:26.347-05:00  INFO 10800 --- [fields-management] [ream-1452435350] tc.postgres:latest                       : Pulling image layers:  1 pending, 13 downloaded, 11 extracted, (119 MB/? MB)
2024-10-05T02:19:26.382-05:00  INFO 10800 --- [fields-management] [ream-1452435350] tc.postgres:latest                       : Pulling image layers:  1 pending, 13 downloaded, 12 extracted, (119 MB/? MB)
2024-10-05T02:19:26.415-05:00  INFO 10800 --- [fields-management] [ream-1452435350] tc.postgres:latest                       : Pulling image layers:  1 pending, 13 downloaded, 13 extracted, (119 MB/? MB)
2024-10-05T02:19:26.439-05:00  INFO 10800 --- [fields-management] [           main] tc.postgres:latest                       : Image postgres:latest pull took PT55.4280876S
2024-10-05T02:19:26.439-05:00  INFO 10800 --- [fields-management] [ream-1452435350] tc.postgres:latest                       : Pull complete. 14 layers, pulled in 51s (downloaded 119 MB at 2 MB/s)
2024-10-05T02:19:26.452-05:00  INFO 10800 --- [fields-management] [           main] tc.postgres:latest                       : Creating container for image: postgres:latest
2024-10-05T02:19:26.881-05:00  INFO 10800 --- [fields-management] [           main] tc.postgres:latest                       : Container postgres:latest is starting: 9e1c021ba182ba90e4a7064438017ea9bf666bb5cb0f45003328a906a12aba06
2024-10-05T02:19:38.134-05:00  INFO 10800 --- [fields-management] [           main] tc.postgres:latest                       : Container postgres:latest started in PT11.6812134S
2024-10-05T02:19:38.135-05:00  INFO 10800 --- [fields-management] [           main] tc.postgres:latest                       : Container is started (JDBC URL: jdbc:postgresql://localhost:61595/test?loggerLevel=OFF)
2024-10-05T02:19:38.340-05:00  INFO 10800 --- [fields-management] [           main] o.hibernate.jpa.internal.util.LogHelper  : HHH000204: Processing PersistenceUnitInfo [name: default]
2024-10-05T02:19:38.461-05:00  INFO 10800 --- [fields-management] [           main] org.hibernate.Version                    : HHH000412: Hibernate ORM core version 6.5.3.Final
2024-10-05T02:19:38.531-05:00  INFO 10800 --- [fields-management] [           main] o.h.c.internal.RegionFactoryInitiator    : HHH000026: Second-level cache disabled
2024-10-05T02:19:39.073-05:00  INFO 10800 --- [fields-management] [           main] o.s.o.j.p.SpringPersistenceUnitInfo      : No LoadTimeWeaver setup: ignoring JPA class transformer
2024-10-05T02:19:39.313-05:00  INFO 10800 --- [fields-management] [           main] com.zaxxer.hikari.HikariDataSource       : HikariPool-1 - Starting...
2024-10-05T02:19:41.374-05:00  INFO 10800 --- [fields-management] [           main] com.zaxxer.hikari.pool.HikariPool        : HikariPool-1 - Added connection org.postgresql.jdbc.PgConnection@493968a9
2024-10-05T02:19:41.376-05:00  INFO 10800 --- [fields-management] [           main] com.zaxxer.hikari.HikariDataSource       : HikariPool-1 - Start completed.
2024-10-05T02:19:44.863-05:00  INFO 10800 --- [fields-management] [           main] o.h.e.t.j.p.i.JtaPlatformInitiator       : HHH000489: No JTA platform available (set 'hibernate.transaction.jta.platform' to enable JTA platform integration)
2024-10-05T02:19:45.003-05:00  INFO 10800 --- [fields-management] [           main] j.LocalContainerEntityManagerFactoryBean : Initialized JPA EntityManagerFactory for persistence unit 'default'
2024-10-05T02:19:53.964-05:00  WARN 10800 --- [fields-management] [           main] JpaBaseConfiguration$JpaWebConfiguration : spring.jpa.open-in-view is enabled by default. Therefore, database queries may be performed during view rendering. Explicitly configure spring.jpa.open-in-view to disable this warning
2024-10-05T02:19:54.576-05:00  INFO 10800 --- [fields-management] [           main] o.e.f.FieldsManagementApplicationTests   : Started FieldsManagementApplicationTests in 109.708 seconds (process running for 111.06)
]]></system-out>
  </testcase>
</testsuite>